Using pre-set license
Built from '2020.3/release' branch; Version is '2020.3.2f1 (8fd9074bf66c) revision 9427207'; Using compiler version '192528614'; Build Type 'Release'
OS: 'Windows 10 Pro; OS build 19042.1237; Version 2009; 64bit' Language: 'de' Physical Memory: 16301 MB
BatchMode: 1, IsHumanControllingUs: 0, StartBugReporterOnCrash: 0, Is64bit: 1, IsPro: 0

 COMMAND LINE ARGUMENTS:
C:\Program Files\Unity\Hub\Editor\2020.3.2f1\Editor\Unity.exe
-adb2
-batchMode
-noUpm
-name
AssetImportWorker0
-projectPath
C:/Users/jacky/OneDrive/Master_Cognitive_Computing/2_Semester/Advanced-Unity/Schlaukopf 2.5
-logFile
Logs/AssetImportWorker0.log
-srvPort
59754
Successfully changed project path to: C:/Users/jacky/OneDrive/Master_Cognitive_Computing/2_Semester/Advanced-Unity/Schlaukopf 2.5
C:/Users/jacky/OneDrive/Master_Cognitive_Computing/2_Semester/Advanced-Unity/Schlaukopf 2.5
Using Asset Import Pipeline V2.
Refreshing native plugins compatible for Editor in 56.84 ms, found 0 plugins.
Preloading 0 native plugins for Editor in 0.00 ms.
Initialize engine version: 2020.3.2f1 (8fd9074bf66c)
[Subsystems] Discovering subsystems at path C:/Program Files/Unity/Hub/Editor/2020.3.2f1/Editor/Data/Resources/UnitySubsystems
[Subsystems] Discovering subsystems at path C:/Users/jacky/OneDrive/Master_Cognitive_Computing/2_Semester/Advanced-Unity/Schlaukopf 2.5/Assets
GfxDevice: creating device client; threaded=0
Direct3D:
    Version:  Direct3D 11.0 [level 11.1]
    Renderer: NVIDIA GeForce GTX 1050 (ID=0x1c8d)
    Vendor:   
    VRAM:     1979 MB
    Driver:   27.21.14.6140
Initialize mono
Mono path[0] = 'C:/Program Files/Unity/Hub/Editor/2020.3.2f1/Editor/Data/Managed'
Mono path[1] = 'C:/Program Files/Unity/Hub/Editor/2020.3.2f1/Editor/Data/MonoBleedingEdge/lib/mono/unityjit'
Mono config path = 'C:/Program Files/Unity/Hub/Editor/2020.3.2f1/Editor/Data/MonoBleedingEdge/etc'
Using monoOptions --debugger-agent=transport=dt_socket,embedding=1,server=y,suspend=n,address=127.0.0.1:56332
Begin MonoManager ReloadAssembly
Registering precompiled unity dll's ...
Register platform support module: C:/Program Files/Unity/Hub/Editor/2020.3.2f1/Editor/Data/PlaybackEngines/WindowsStandaloneSupport/UnityEditor.WindowsStandalone.Extensions.dll
Registered in 0.002576 seconds.
Native extension for WindowsStandalone target not found
Refreshing native plugins compatible for Editor in 33.70 ms, found 0 plugins.
Preloading 0 native plugins for Editor in 0.00 ms.
Invoked RoslynAnalysisRunner static constructor.
RoslynAnalysisRunner will not be running.
RoslynAnalysisRunner has terminated.
Mono: successfully reloaded assembly
- Completed reload, in  1.453 seconds
Platform modules already initialized, skipping
Registering precompiled user dll's ...
Registered in 0.001080 seconds.
Begin MonoManager ReloadAssembly
Native extension for WindowsStandalone target not found
Refreshing native plugins compatible for Editor in 0.24 ms, found 0 plugins.
Preloading 0 native plugins for Editor in 0.00 ms.
Invoked RoslynAnalysisRunner static constructor.
RoslynAnalysisRunner will not be running.
RoslynAnalysisRunner has terminated.
Mono: successfully reloaded assembly
- Completed reload, in  0.989 seconds
Platform modules already initialized, skipping
========================================================================
Worker process is ready to serve import requests
Launched and connected shader compiler UnityShaderCompiler.exe after 0.05 seconds
Refreshing native plugins compatible for Editor in 0.30 ms, found 0 plugins.
Preloading 0 native plugins for Editor in 0.00 ms.
Unloading 1142 Unused Serialized files (Serialized files now loaded: 0)
System memory in use before: 60.2 MB.
System memory in use after: 60.3 MB.

Unloading 9 unused Assets to reduce memory usage. Loaded Objects now: 1586.
Total: 2.907800 ms (FindLiveObjects: 0.715800 ms CreateObjectMapping: 0.128900 ms MarkObjects: 1.971200 ms  DeleteObjects: 0.089500 ms)

========================================================================
Received Import Request.
  path: Assets/TextMesh Pro/Resources/Fonts & Materials/LiberationSans SDF - Outline.mat
  artifactKey: Guid(79459efec17a4d00a321bdcc27bbc385) Importer(815301076,1909f56bfc062723c751e8b465ee728b)
Start importing Assets/TextMesh Pro/Resources/Fonts & Materials/LiberationSans SDF - Outline.mat using Guid(79459efec17a4d00a321bdcc27bbc385) Importer(815301076,1909f56bfc062723c751e8b465ee728b)  -> (artifact id: 'c269c21ac78df1e67178f1f5f025eb67') in 0.177989 seconds
  Import took 0.182967 seconds .

========================================================================
Received Import Request.
  Time since last request: 0.000416 seconds.
  path: Assets/Materials/Frame_mat.mat
  artifactKey: Guid(97dae84e27d59924f8d904e5dafff47d) Importer(815301076,1909f56bfc062723c751e8b465ee728b)
Start importing Assets/Materials/Frame_mat.mat using Guid(97dae84e27d59924f8d904e5dafff47d) Importer(815301076,1909f56bfc062723c751e8b465ee728b)  -> (artifact id: '443cf8811f325d5d6ede7ca0449a8b37') in 0.025103 seconds
  Import took 0.030696 seconds .

========================================================================
Received Import Request.
  Time since last request: 0.000412 seconds.
  path: Assets/Materials/Fig_Colours/Right/Dummkopf_right_Body.mat
  artifactKey: Guid(0c84dec6416eebf4c96554464928e599) Importer(815301076,1909f56bfc062723c751e8b465ee728b)
Start importing Assets/Materials/Fig_Colours/Right/Dummkopf_right_Body.mat using Guid(0c84dec6416eebf4c96554464928e599) Importer(815301076,1909f56bfc062723c751e8b465ee728b)  -> (artifact id: '95a742057f4db69a1760cb5f4a5fa926') in 0.025826 seconds
  Import took 0.031321 seconds .

========================================================================
Received Import Request.
  Time since last request: 0.000330 seconds.
  path: Assets/Models/Blender/figure-schlitzohr.blend
  artifactKey: Guid(810a678dac2f96d4e87d523cd3f8c82e) Importer(815301076,1909f56bfc062723c751e8b465ee728b)
Start importing Assets/Models/Blender/figure-schlitzohr.blend using Guid(810a678dac2f96d4e87d523cd3f8c82e) Importer(815301076,1909f56bfc062723c751e8b465ee728b)  -> (artifact id: '1774b1d435fe317acc1e5eb3c3f70fc0') in 0.400935 seconds
  Import took 0.405431 seconds .

========================================================================
Received Import Request.
  Time since last request: 0.000297 seconds.
  path: Assets/Materials/Board_mat.mat
  artifactKey: Guid(654beeb1f46217b42bb5e82e81f61999) Importer(815301076,1909f56bfc062723c751e8b465ee728b)
Start importing Assets/Materials/Board_mat.mat using Guid(654beeb1f46217b42bb5e82e81f61999) Importer(815301076,1909f56bfc062723c751e8b465ee728b)  -> (artifact id: '525f6094540701061d4af4ac5caf7b26') in 0.034996 seconds
  Import took 0.040026 seconds .

========================================================================
Received Import Request.
  Time since last request: 0.000277 seconds.
  path: Assets/TextMesh Pro/Resources/Fonts & Materials/LiberationSans SDF - Fallback.asset
  artifactKey: Guid(2e498d1c8094910479dc3e1b768306a4) Importer(815301076,1909f56bfc062723c751e8b465ee728b)
Start importing Assets/TextMesh Pro/Resources/Fonts & Materials/LiberationSans SDF - Fallback.asset using Guid(2e498d1c8094910479dc3e1b768306a4) Importer(815301076,1909f56bfc062723c751e8b465ee728b)  -> (artifact id: '894c79ce8446363c08ec31984e5befb6') in 0.058728 seconds
  Import took 0.062638 seconds .

========================================================================
Received Import Request.
  Time since last request: 0.000366 seconds.
  path: Assets/TextMesh Pro/Fonts/LiberationSans.ttf
  artifactKey: Guid(e3265ab4bf004d28a9537516768c1c75) Importer(815301076,1909f56bfc062723c751e8b465ee728b)
Start importing Assets/TextMesh Pro/Fonts/LiberationSans.ttf using Guid(e3265ab4bf004d28a9537516768c1c75) Importer(815301076,1909f56bfc062723c751e8b465ee728b)  -> (artifact id: 'f4971f4ee26649245eb0e58b7d866df0') in 0.032998 seconds
  Import took 0.037981 seconds .

========================================================================
Received Import Request.
  Time since last request: 0.000386 seconds.
  path: Assets/TextMesh Pro/Resources/Fonts & Materials/LiberationSans SDF - Drop Shadow.mat
  artifactKey: Guid(e73a58f6e2794ae7b1b7e50b7fb811b0) Importer(815301076,1909f56bfc062723c751e8b465ee728b)
Start importing Assets/TextMesh Pro/Resources/Fonts & Materials/LiberationSans SDF - Drop Shadow.mat using Guid(e73a58f6e2794ae7b1b7e50b7fb811b0) Importer(815301076,1909f56bfc062723c751e8b465ee728b)  -> (artifact id: 'd7c9a6e63d9fa0062e755b0df8e71c27') in 0.048822 seconds
  Import took 0.053548 seconds .

========================================================================
Received Import Request.
  Time since last request: 0.000274 seconds.
  path: Assets/Models/Blender/figure-schlaukopf.blend
  artifactKey: Guid(a5d7de63ad46ec6448cc965ae8e7e969) Importer(815301076,1909f56bfc062723c751e8b465ee728b)
Start importing Assets/Models/Blender/figure-schlaukopf.blend using Guid(a5d7de63ad46ec6448cc965ae8e7e969) Importer(815301076,1909f56bfc062723c751e8b465ee728b)  -> (artifact id: '3a232450a91193669820f0e951e5e055') in 0.151226 seconds
  Import took 0.156596 seconds .

========================================================================
Received Import Request.
  Time since last request: 0.000278 seconds.
  path: Assets/Materials/background.mat
  artifactKey: Guid(5257907b66b484a42abd5e64c00fcf5c) Importer(815301076,1909f56bfc062723c751e8b465ee728b)
Start importing Assets/Materials/background.mat using Guid(5257907b66b484a42abd5e64c00fcf5c) Importer(815301076,1909f56bfc062723c751e8b465ee728b)  -> (artifact id: 'e1942fe4f2f0dc40f41880cb2d418dc5') in 0.023679 seconds
  Import took 0.027925 seconds .

========================================================================
Received Import Request.
  Time since last request: 0.000336 seconds.
  path: Assets/TextMesh Pro/Resources/Fonts & Materials/LiberationSans SDF.asset
  artifactKey: Guid(8f586378b4e144a9851e7b34d9b748ee) Importer(815301076,1909f56bfc062723c751e8b465ee728b)
Start importing Assets/TextMesh Pro/Resources/Fonts & Materials/LiberationSans SDF.asset using Guid(8f586378b4e144a9851e7b34d9b748ee) Importer(815301076,1909f56bfc062723c751e8b465ee728b)  -> (artifact id: 'c674ab46eeefeb601f09573e6869df04') in 0.068159 seconds
  Import took 0.073868 seconds .

========================================================================
Received Import Request.
  Time since last request: 0.000286 seconds.
  path: Assets/Materials/Fig_Colours/Left/Body_Left.mat
  artifactKey: Guid(670c5c1980aeac540b80f2da314c6d00) Importer(815301076,1909f56bfc062723c751e8b465ee728b)
Start importing Assets/Materials/Fig_Colours/Left/Body_Left.mat using Guid(670c5c1980aeac540b80f2da314c6d00) Importer(815301076,1909f56bfc062723c751e8b465ee728b)  -> (artifact id: '6195ef78d2341398dd9b7a35a43033ad') in 0.021686 seconds
  Import took 0.025749 seconds .

========================================================================
Received Import Request.
  Time since last request: 0.000284 seconds.
  path: Assets/Materials/Highlight_Mat.mat
  artifactKey: Guid(6dc1cff17296cc0489efee5480d2ada1) Importer(815301076,1909f56bfc062723c751e8b465ee728b)
Start importing Assets/Materials/Highlight_Mat.mat using Guid(6dc1cff17296cc0489efee5480d2ada1) Importer(815301076,1909f56bfc062723c751e8b465ee728b)  -> (artifact id: '8f0d473392183bbd3fa78e0ab896be05') in 0.021616 seconds
  Import took 0.027588 seconds .

========================================================================
Received Import Request.
  Time since last request: 0.000275 seconds.
  path: Assets/Models/Blender/figure-dummkopf.blend
  artifactKey: Guid(875e2f21117b10444907f9548869cd5d) Importer(815301076,1909f56bfc062723c751e8b465ee728b)
Start importing Assets/Models/Blender/figure-dummkopf.blend using Guid(875e2f21117b10444907f9548869cd5d) Importer(815301076,1909f56bfc062723c751e8b465ee728b)  -> (artifact id: '0a3b217979369198b9a6e7d9f8867c9f') in 0.296827 seconds
  Import took 0.300756 seconds .

========================================================================
Received Import Request.
  Time since last request: 0.000248 seconds.
  path: Assets/Background/Materials/Background.mat
  artifactKey: Guid(9bba5bb0a5676e54bb8dae02db0614ca) Importer(815301076,1909f56bfc062723c751e8b465ee728b)
Start importing Assets/Background/Materials/Background.mat using Guid(9bba5bb0a5676e54bb8dae02db0614ca) Importer(815301076,1909f56bfc062723c751e8b465ee728b)  -> (artifact id: 'abcb90dddcef480ddfd413c5efaaae6c') in 0.049633 seconds
  Import took 0.065049 seconds .

========================================================================
Received Prepare
Refreshing native plugins compatible for Editor in 1.43 ms, found 0 plugins.
Preloading 0 native plugins for Editor in 0.00 ms.
Unloading 2 Unused Serialized files (Serialized files now loaded: 0)
System memory in use before: 40.5 MB.
System memory in use after: 40.6 MB.

Unloading 2 unused Assets to reduce memory usage. Loaded Objects now: 1633.
Total: 3.773100 ms (FindLiveObjects: 0.399000 ms CreateObjectMapping: 0.132500 ms MarkObjects: 3.213200 ms  DeleteObjects: 0.026000 ms)

========================================================================
Received Import Request.
  Time since last request: 27.611331 seconds.
  path: Assets/Materials
  artifactKey: Guid(acadb3fa410374545b4ec0ada7577f2d) Importer(815301076,1909f56bfc062723c751e8b465ee728b)
Start importing Assets/Materials using Guid(acadb3fa410374545b4ec0ada7577f2d) Importer(815301076,1909f56bfc062723c751e8b465ee728b)  -> (artifact id: 'a200e942b72674765da41c356723c7a6') in 0.011786 seconds
  Import took 0.016592 seconds .

========================================================================
Received Import Request.
  Time since last request: 0.045293 seconds.
  path: Assets/Materials/menu_text_color.asset
  artifactKey: Guid(933ca9b9d40c9dd4cbff04ece9412192) Importer(815301076,1909f56bfc062723c751e8b465ee728b)
Start importing Assets/Materials/menu_text_color.asset using Guid(933ca9b9d40c9dd4cbff04ece9412192) Importer(815301076,1909f56bfc062723c751e8b465ee728b)  -> (artifact id: 'a25bf7aff2c8931fcdbed229bb3107e5') in 0.014133 seconds
  Import took 0.018480 seconds .

========================================================================
Received Import Request.
  Time since last request: 391.922499 seconds.
  path: Assets/Materials/quit-button.PNG
  artifactKey: Guid(dfa7912b0cea9dc44aea58f74386beea) Importer(815301076,1909f56bfc062723c751e8b465ee728b)
Start importing Assets/Materials/quit-button.PNG using Guid(dfa7912b0cea9dc44aea58f74386beea) Importer(815301076,1909f56bfc062723c751e8b465ee728b)  -> (artifact id: '7534ae98182db35bece9ba17abffc6df') in 0.088192 seconds
  Import took 0.093667 seconds .

========================================================================
Received Import Request.
  Time since last request: 7.533289 seconds.
  path: Assets/Materials/New Material.mat
  artifactKey: Guid(c8ebc9367dffdd641bbba3ab2644ec07) Importer(815301076,1909f56bfc062723c751e8b465ee728b)
Start importing Assets/Materials/New Material.mat using Guid(c8ebc9367dffdd641bbba3ab2644ec07) Importer(815301076,1909f56bfc062723c751e8b465ee728b)  -> (artifact id: '9a22152a0555126f07d3c5bf9d779514') in 0.021727 seconds
  Import took 0.026423 seconds .

========================================================================
Received Import Request.
  Time since last request: 162.022558 seconds.
  path: Assets/Background
  artifactKey: Guid(42f0fab93611b9344833a55d137f78c3) Importer(815301076,1909f56bfc062723c751e8b465ee728b)
Start importing Assets/Background using Guid(42f0fab93611b9344833a55d137f78c3) Importer(815301076,1909f56bfc062723c751e8b465ee728b)  -> (artifact id: '577174e3479bf72bbffa9f0ad57bcb99') in 0.004875 seconds
  Import took 0.008839 seconds .

========================================================================
Received Import Request.
  Time since last request: 0.042043 seconds.
  path: Assets/Background/Background.jpg
  artifactKey: Guid(d49407a897585db488865fa06c75998d) Importer(815301076,1909f56bfc062723c751e8b465ee728b)
Start importing Assets/Background/Background.jpg using Guid(d49407a897585db488865fa06c75998d) Importer(815301076,1909f56bfc062723c751e8b465ee728b)  -> (artifact id: '9708f1b3f7d0e24d036b6d53ae1db614') in 0.027645 seconds
  Import took 0.030965 seconds .

========================================================================
Received Import Request.
  Time since last request: 0.000405 seconds.
  path: Assets/Background/menu_background.jpg
  artifactKey: Guid(926892a189ba38d4a8fa54c193554ee9) Importer(815301076,1909f56bfc062723c751e8b465ee728b)
Start importing Assets/Background/menu_background.jpg using Guid(926892a189ba38d4a8fa54c193554ee9) Importer(815301076,1909f56bfc062723c751e8b465ee728b)  -> (artifact id: 'd0180e321319d50af57a36e6ee70a30c') in 0.065993 seconds
  Import took 0.071985 seconds .

========================================================================
Received Import Request.
  Time since last request: 0.000310 seconds.
  path: Assets/Background/play_background.jpg
  artifactKey: Guid(cbd90bce13c370d498bbd4c14591b57d) Importer(815301076,1909f56bfc062723c751e8b465ee728b)
Start importing Assets/Background/play_background.jpg using Guid(cbd90bce13c370d498bbd4c14591b57d) Importer(815301076,1909f56bfc062723c751e8b465ee728b)  -> (artifact id: '178995b16449c31d5590d99dbb441b9e') in 0.021883 seconds
  Import took 0.028239 seconds .

========================================================================
Received Import Request.
  Time since last request: 8.787733 seconds.
  path: Assets/Background/quit-button.PNG
  artifactKey: Guid(3453d6d294cb266488ba960178226e5b) Importer(815301076,1909f56bfc062723c751e8b465ee728b)
Start importing Assets/Background/quit-button.PNG using Guid(3453d6d294cb266488ba960178226e5b) Importer(815301076,1909f56bfc062723c751e8b465ee728b)  -> (artifact id: '63f77547895f792875f1fbc5be228fff') in 0.012768 seconds
  Import took 0.018913 seconds .

========================================================================
Received Import Request.
  Time since last request: 27.295257 seconds.
  path: Assets/TextMesh Pro/Sprites/EmojiOne.png
  artifactKey: Guid(dffef66376be4fa480fb02b19edbe903) Importer(815301076,1909f56bfc062723c751e8b465ee728b)
Start importing Assets/TextMesh Pro/Sprites/EmojiOne.png using Guid(dffef66376be4fa480fb02b19edbe903) Importer(815301076,1909f56bfc062723c751e8b465ee728b)  -> (artifact id: 'b454f36992cf9720a4ade4575b9297a7') in 0.035851 seconds
  Import took 0.041693 seconds .

========================================================================
Received Import Request.
  Time since last request: 134.141186 seconds.
  path: Assets/Materials/board_color.mat
  artifactKey: Guid(2d890e95bc99541448ab433c2ded4804) Importer(815301076,1909f56bfc062723c751e8b465ee728b)
Start importing Assets/Materials/board_color.mat using Guid(2d890e95bc99541448ab433c2ded4804) Importer(815301076,1909f56bfc062723c751e8b465ee728b)  -> (artifact id: '5fc2e7470d48418b008e772d44e44305') in 0.025431 seconds
  Import took 0.029666 seconds .

========================================================================
Received Import Request.
  Time since last request: 0.000336 seconds.
  path: Assets/Materials/quit-button.mat
  artifactKey: Guid(c8ebc9367dffdd641bbba3ab2644ec07) Importer(815301076,1909f56bfc062723c751e8b465ee728b)
Start importing Assets/Materials/quit-button.mat using Guid(c8ebc9367dffdd641bbba3ab2644ec07) Importer(815301076,1909f56bfc062723c751e8b465ee728b)  -> (artifact id: '82db1cc6b76cc042ef6c12ac5b9e2314') in 0.026667 seconds
  Import took 0.031441 seconds .

========================================================================
Received Prepare
Registering precompiled user dll's ...
Registered in 0.001209 seconds.
Begin MonoManager ReloadAssembly
Native extension for WindowsStandalone target not found
Refreshing native plugins compatible for Editor in 0.37 ms, found 0 plugins.
Preloading 0 native plugins for Editor in 0.00 ms.
Invoked RoslynAnalysisRunner static constructor.
RoslynAnalysisRunner will not be running.
RoslynAnalysisRunner has terminated.
Mono: successfully reloaded assembly
- Completed reload, in  1.804 seconds
Platform modules already initialized, skipping
Refreshing native plugins compatible for Editor in 0.38 ms, found 0 plugins.
Preloading 0 native plugins for Editor in 0.00 ms.
Unloading 1123 Unused Serialized files (Serialized files now loaded: 0)
System memory in use before: 62.5 MB.
System memory in use after: 62.6 MB.

Unloading 4 unused Assets to reduce memory usage. Loaded Objects now: 1641.
Total: 3.249800 ms (FindLiveObjects: 0.302100 ms CreateObjectMapping: 0.078500 ms MarkObjects: 2.826400 ms  DeleteObjects: 0.040400 ms)

========================================================================
Received Prepare
Registering precompiled user dll's ...
Registered in 0.003415 seconds.
Begin MonoManager ReloadAssembly
Native extension for WindowsStandalone target not found
Refreshing native plugins compatible for Editor in 0.65 ms, found 0 plugins.
Preloading 0 native plugins for Editor in 0.00 ms.
Invoked RoslynAnalysisRunner static constructor.
RoslynAnalysisRunner will not be running.
RoslynAnalysisRunner has terminated.
Mono: successfully reloaded assembly
- Completed reload, in  3.449 seconds
Platform modules already initialized, skipping
Refreshing native plugins compatible for Editor in 0.42 ms, found 0 plugins.
Preloading 0 native plugins for Editor in 0.00 ms.
Unloading 1123 Unused Serialized files (Serialized files now loaded: 0)
System memory in use before: 62.5 MB.
System memory in use after: 62.6 MB.

Unloading 4 unused Assets to reduce memory usage. Loaded Objects now: 1644.
Total: 5.233100 ms (FindLiveObjects: 0.667400 ms CreateObjectMapping: 0.205500 ms MarkObjects: 4.320300 ms  DeleteObjects: 0.036000 ms)

========================================================================
Received Prepare
Refreshing native plugins compatible for Editor in 2.54 ms, found 0 plugins.
Preloading 0 native plugins for Editor in 0.00 ms.
Unloading 2 Unused Serialized files (Serialized files now loaded: 0)
System memory in use before: 39.9 MB.
System memory in use after: 40.0 MB.

Unloading 2 unused Assets to reduce memory usage. Loaded Objects now: 1644.
Total: 5.091300 ms (FindLiveObjects: 0.353800 ms CreateObjectMapping: 0.136500 ms MarkObjects: 4.566500 ms  DeleteObjects: 0.031800 ms)

========================================================================
Received Prepare
Registering precompiled user dll's ...
Registered in 0.001673 seconds.
Begin MonoManager ReloadAssembly
Native extension for WindowsStandalone target not found
Refreshing native plugins compatible for Editor in 0.35 ms, found 0 plugins.
Preloading 0 native plugins for Editor in 0.00 ms.
Invoked RoslynAnalysisRunner static constructor.
RoslynAnalysisRunner will not be running.
RoslynAnalysisRunner has terminated.
Mono: successfully reloaded assembly
- Completed reload, in  2.298 seconds
Platform modules already initialized, skipping
Refreshing native plugins compatible for Editor in 0.63 ms, found 0 plugins.
Preloading 0 native plugins for Editor in 0.00 ms.
Unloading 1123 Unused Serialized files (Serialized files now loaded: 0)
System memory in use before: 62.6 MB.
System memory in use after: 62.7 MB.

Unloading 4 unused Assets to reduce memory usage. Loaded Objects now: 1647.
Total: 4.616900 ms (FindLiveObjects: 0.417000 ms CreateObjectMapping: 0.126100 ms MarkObjects: 4.039700 ms  DeleteObjects: 0.031200 ms)

AssetImportWorkerClient::OnTransportError - code=2 error=End of file
